<?xml version="1.0" encoding="UTF-8"?>
<!-- Generated by org.testng.reporters.JUnitReportReporter -->
<testsuite hostname="ELW5201" failures="0" tests="1" name="testngdemo.day5" time="0.001" errors="0" timestamp="2023-01-15T16:45:20 IST" skipped="0">
  <testcase classname="testngdemo.day5" name="newcarloanbmw" time="0.001"/>
  <system-out/>
</testsuite> <!-- testngdemo.day5 -->
