<?xml version="1.0" encoding="UTF-8"?>
<!-- Generated by org.testng.reporters.JUnitReportReporter -->
<testsuite hostname="ELW5201" failures="0" tests="1" name="testngdemo.day1" time="0.007" errors="0" timestamp="2023-01-15T16:45:20 IST" skipped="0">
  <testcase classname="testngdemo.day1" name="asdf" time="0.007"/>
  <system-out/>
</testsuite> <!-- testngdemo.day1 -->
