<?xml version="1.0" encoding="UTF-8"?>
<!-- Generated by org.testng.reporters.JUnitReportReporter -->
<testsuite hostname="ELW5201" failures="0" tests="1" name="testngexamples.Helloworld" time="0.009" errors="0" timestamp="2023-01-12T06:42:17 IST" skipped="0">
  <testcase classname="testngexamples.Helloworld" name="printt" time="0.009"/>
  <system-out/>
</testsuite> <!-- testngexamples.Helloworld -->
