<?xml version="1.0" encoding="UTF-8"?>
<!-- Generated by org.testng.reporters.JUnitReportReporter -->
<testsuite hostname="ELW5201" failures="0" tests="9" name="javastreamslamda.ArrayListStreamm" time="0.050" errors="0" timestamp="2023-01-06T22:15:27 IST" skipped="0">
  <testcase classname="javastreamslamda.ArrayListStreamm" name="normal" time="0.016"/>
  <system-out/>
  <testcase classname="javastreamslamda.ArrayListStreamm" name="streamFilter" time="0.006"/>
  <system-out/>
  <testcase classname="javastreamslamda.ArrayListStreamm" name="streamlist" time="0.003"/>
  <system-out/>
  <testcase classname="javastreamslamda.ArrayListStreamm" name="streammap" time="0.004"/>
  <system-out/>
  <testcase classname="javastreamslamda.ArrayListStreamm" name="streamsort" time="0.006"/>
  <system-out/>
  <testcase classname="javastreamslamda.ArrayListStreamm" name="streammerge" time="0.003"/>
  <system-out/>
  <testcase classname="javastreamslamda.ArrayListStreamm" name="strammatch" time="0.005"/>
  <system-out/>
  <testcase classname="javastreamslamda.ArrayListStreamm" name="streamcollect" time="0.003"/>
  <system-out/>
  <testcase classname="javastreamslamda.ArrayListStreamm" name="streamunique" time="0.004"/>
  <system-out/>
</testsuite> <!-- javastreamslamda.ArrayListStreamm -->
