<?xml version="1.0" encoding="UTF-8"?>
<!-- Generated by org.testng.reporters.JUnitReportReporter -->
<testsuite hostname="ELW5201" failures="0" tests="3" name="testngdemo.day6" time="0.001" errors="0" timestamp="2023-01-15T16:40:01 IST" skipped="0">
  <testcase classname="testngdemo.day6" name="bank" time="0.000"/>
  <system-out/>
  <testcase classname="testngdemo.day6" name="bank" time="0.001"/>
  <system-out/>
  <testcase classname="testngdemo.day6" name="bank" time="0.000"/>
  <system-out/>
</testsuite> <!-- testngdemo.day6 -->
