<?xml version="1.0" encoding="UTF-8"?>
<!-- Generated by org.testng.reporters.JUnitReportReporter -->
<testsuite hostname="ELW5201" failures="0" tests="3" name="testngdemo.day4" time="0.002" errors="0" timestamp="2023-01-15T16:40:01 IST" skipped="0">
  <testcase classname="testngdemo.day4" name="mobilehomeloan" time="0.000"/>
  <system-out/>
  <testcase classname="testngdemo.day4" name="mobilehomeloanlink" time="0.001"/>
  <system-out/>
  <testcase classname="testngdemo.day4" name="webhomeloan" time="0.001"/>
  <system-out/>
</testsuite> <!-- testngdemo.day4 -->
